  [1m[35m (1.4ms)[0m  [1m[35mCREATE TABLE "schema_migrations" ("version" varchar NOT NULL PRIMARY KEY)[0m
  [1m[35m (1.3ms)[0m  [1m[35mCREATE TABLE "ar_internal_metadata" ("key" varchar NOT NULL PRIMARY KEY, "value" varchar, "created_at" datetime NOT NULL, "updated_at" datetime NOT NULL)[0m
  [1m[36mActiveRecord::SchemaMigration Load (0.3ms)[0m  [1m[34mSELECT "schema_migrations".* FROM "schema_migrations"[0m
Migrating to CreateTravellers (20160916142351)
  [1m[35m (0.2ms)[0m  [1m[36mbegin transaction[0m
  [1m[35m (0.6ms)[0m  [1m[35mCREATE TABLE "travellers" ("id" INTEGER PRIMARY KEY AUTOINCREMENT NOT NULL, "name" varchar, "origin" varchar, "created_at" datetime NOT NULL, "updated_at" datetime NOT NULL)[0m
  [1m[35mSQL (0.2ms)[0m  [1m[32mINSERT INTO "schema_migrations" ("version") VALUES (?)[0m  [["version", "20160916142351"]]
  [1m[35m (1.0ms)[0m  [1m[36mcommit transaction[0m
Migrating to CreateCities (20160916142458)
  [1m[35m (0.1ms)[0m  [1m[36mbegin transaction[0m
  [1m[35m (0.4ms)[0m  [1m[35mCREATE TABLE "cities" ("id" INTEGER PRIMARY KEY AUTOINCREMENT NOT NULL, "name" varchar, "featured_attraction" varchar, "created_at" datetime NOT NULL, "updated_at" datetime NOT NULL)[0m
  [1m[35mSQL (0.2ms)[0m  [1m[32mINSERT INTO "schema_migrations" ("version") VALUES (?)[0m  [["version", "20160916142458"]]
  [1m[35m (6.4ms)[0m  [1m[36mcommit transaction[0m
Migrating to CreateTrips (20160916142658)
  [1m[35m (0.1ms)[0m  [1m[36mbegin transaction[0m
  [1m[35m (0.4ms)[0m  [1m[35mCREATE TABLE "trips" ("id" INTEGER PRIMARY KEY AUTOINCREMENT NOT NULL, "traveller_id" integer, "city_id" integer, "created_at" datetime NOT NULL, "updated_at" datetime NOT NULL)[0m
  [1m[35m (0.1ms)[0m  [1m[34mselect sqlite_version(*)[0m
  [1m[35m (0.2ms)[0m  [1m[35mCREATE  INDEX "index_trips_on_traveller_id" ON "trips" ("traveller_id")[0m
  [1m[35m (0.1ms)[0m  [1m[34m            SELECT sql
            FROM sqlite_master
            WHERE name='index_trips_on_traveller_id' AND type='index'
            UNION ALL
            SELECT sql
            FROM sqlite_temp_master
            WHERE name='index_trips_on_traveller_id' AND type='index'
[0m
  [1m[35m (0.1ms)[0m  [1m[35mCREATE  INDEX "index_trips_on_city_id" ON "trips" ("city_id")[0m
  [1m[35mSQL (0.1ms)[0m  [1m[32mINSERT INTO "schema_migrations" ("version") VALUES (?)[0m  [["version", "20160916142658"]]
  [1m[35m (1.3ms)[0m  [1m[36mcommit transaction[0m
  [1m[36mActiveRecord::InternalMetadata Load (0.1ms)[0m  [1m[34mSELECT  "ar_internal_metadata".* FROM "ar_internal_metadata" WHERE "ar_internal_metadata"."key" = ? LIMIT ?[0m  [["key", :environment], ["LIMIT", 1]]
  [1m[35m (0.1ms)[0m  [1m[36mbegin transaction[0m
  [1m[35mSQL (0.3ms)[0m  [1m[32mINSERT INTO "ar_internal_metadata" ("key", "value", "created_at", "updated_at") VALUES (?, ?, ?, ?)[0m  [["key", "environment"], ["value", "development"], ["created_at", 2016-09-16 14:58:18 UTC], ["updated_at", 2016-09-16 14:58:18 UTC]]
  [1m[35m (1.3ms)[0m  [1m[36mcommit transaction[0m
  [1m[36mActiveRecord::SchemaMigration Load (0.1ms)[0m  [1m[34mSELECT "schema_migrations".* FROM "schema_migrations"[0m
  [1m[35m (0.1ms)[0m  [1m[34m            SELECT sql
            FROM sqlite_master
            WHERE name='index_trips_on_city_id' AND type='index'
            UNION ALL
            SELECT sql
            FROM sqlite_temp_master
            WHERE name='index_trips_on_city_id' AND type='index'
[0m
  [1m[35m (0.1ms)[0m  [1m[34m            SELECT sql
            FROM sqlite_master
            WHERE name='index_trips_on_traveller_id' AND type='index'
            UNION ALL
            SELECT sql
            FROM sqlite_temp_master
            WHERE name='index_trips_on_traveller_id' AND type='index'
[0m
  [1m[35m (0.2ms)[0m  [1m[36mbegin transaction[0m
  [1m[35mSQL (12.8ms)[0m  [1m[32mINSERT INTO "travellers" ("name", "origin", "created_at", "updated_at") VALUES (?, ?, ?, ?)[0m  [["name", "Khaleda"], ["origin", "Astoria"], ["created_at", 2016-09-16 15:49:27 UTC], ["updated_at", 2016-09-16 15:49:27 UTC]]
  [1m[35m (6.3ms)[0m  [1m[36mcommit transaction[0m
  [1m[35m (0.2ms)[0m  [1m[36mbegin transaction[0m
  [1m[35m (0.2ms)[0m  [1m[31mrollback transaction[0m
  [1m[35m (0.2ms)[0m  [1m[36mbegin transaction[0m
  [1m[35m (0.2ms)[0m  [1m[31mrollback transaction[0m
  [1m[35m (0.2ms)[0m  [1m[36mbegin transaction[0m
  [1m[35mSQL (37.1ms)[0m  [1m[32mINSERT INTO "cities" ("name", "featured_attraction", "created_at", "updated_at") VALUES (?, ?, ?, ?)[0m  [["name", "Istanbul"], ["featured_attraction", "Hagia Sofia"], ["created_at", 2016-09-16 15:51:33 UTC], ["updated_at", 2016-09-16 15:51:33 UTC]]
  [1m[35m (15.8ms)[0m  [1m[36mcommit transaction[0m
  [1m[35m (0.2ms)[0m  [1m[36mbegin transaction[0m
  [1m[35mSQL (8.0ms)[0m  [1m[32mINSERT INTO "trips" ("traveller_id", "city_id", "created_at", "updated_at") VALUES (?, ?, ?, ?)[0m  [["traveller_id", 1], ["city_id", 1], ["created_at", 2016-09-16 15:51:38 UTC], ["updated_at", 2016-09-16 15:51:38 UTC]]
  [1m[35m (5.3ms)[0m  [1m[36mcommit transaction[0m
  [1m[36mCity Load (0.7ms)[0m  [1m[34mSELECT "cities".* FROM "cities" INNER JOIN "trips" ON "cities"."id" = "trips"."city_id" WHERE "trips"."traveller_id" = ?[0m  [["traveller_id", 1]]
  [1m[35m (0.2ms)[0m  [1m[36mbegin transaction[0m
  [1m[35mSQL (1.9ms)[0m  [1m[32mINSERT INTO "travellers" ("name", "origin", "created_at", "updated_at") VALUES (?, ?, ?, ?)[0m  [["name", "Jakey"], ["origin", "Austin"], ["created_at", 2016-09-16 15:52:31 UTC], ["updated_at", 2016-09-16 15:52:31 UTC]]
  [1m[35m (109.2ms)[0m  [1m[36mcommit transaction[0m
  [1m[36mCity Load (0.4ms)[0m  [1m[34mSELECT "cities".* FROM "cities" INNER JOIN "trips" ON "cities"."id" = "trips"."city_id" WHERE "trips"."traveller_id" = ?[0m  [["traveller_id", 2]]
  [1m[35m (0.2ms)[0m  [1m[36mbegin transaction[0m
  [1m[35mSQL (1.5ms)[0m  [1m[32mINSERT INTO "travellers" ("name", "origin", "created_at", "updated_at") VALUES (?, ?, ?, ?)[0m  [["name", "Andrew"], ["origin", "Lawn Guyland"], ["created_at", 2016-09-16 15:55:29 UTC], ["updated_at", 2016-09-16 15:55:29 UTC]]
  [1m[35m (2.6ms)[0m  [1m[36mcommit transaction[0m
  [1m[36mCity Load (0.6ms)[0m  [1m[34mSELECT "cities".* FROM "cities" INNER JOIN "trips" ON "cities"."id" = "trips"."city_id" WHERE "trips"."traveller_id" = ?[0m  [["traveller_id", 3]]
  [1m[35m (0.2ms)[0m  [1m[36mbegin transaction[0m
  [1m[35mSQL (1.2ms)[0m  [1m[32mINSERT INTO "travellers" ("name", "origin", "created_at", "updated_at") VALUES (?, ?, ?, ?)[0m  [["name", "Khaleda"], ["origin", "Astoria"], ["created_at", 2016-09-16 17:10:46 UTC], ["updated_at", 2016-09-16 17:10:46 UTC]]
  [1m[35m (2.1ms)[0m  [1m[36mcommit transaction[0m
  [1m[36mCity Load (0.6ms)[0m  [1m[34mSELECT "cities".* FROM "cities" INNER JOIN "trips" ON "cities"."id" = "trips"."city_id" WHERE "trips"."traveller_id" = ?[0m  [["traveller_id", 4]]
Started GET "/" for ::1 at 2016-09-16 13:35:06 -0400
  [1m[36mActiveRecord::SchemaMigration Load (20.9ms)[0m  [1m[34mSELECT "schema_migrations".* FROM "schema_migrations"[0m
Processing by Rails::WelcomeController#index as HTML
  Parameters: {"internal"=>true}
  Rendering /Users/davidlahti/.rvm/gems/ruby-2.3.0/gems/railties-5.0.0.1/lib/rails/templates/rails/welcome/index.html.erb
  Rendered /Users/davidlahti/.rvm/gems/ruby-2.3.0/gems/railties-5.0.0.1/lib/rails/templates/rails/welcome/index.html.erb (16.4ms)
Completed 200 OK in 192ms (Views: 103.4ms | ActiveRecord: 0.0ms)


Started GET "/favicon.ico" for ::1 at 2016-09-16 13:35:09 -0400
  
ActionController::RoutingError (No route matches [GET] "/favicon.ico"):
  
actionpack (5.0.0.1) lib/action_dispatch/middleware/debug_exceptions.rb:53:in `call'
actionpack (5.0.0.1) lib/action_dispatch/middleware/show_exceptions.rb:31:in `call'
railties (5.0.0.1) lib/rails/rack/logger.rb:36:in `call_app'
railties (5.0.0.1) lib/rails/rack/logger.rb:24:in `block in call'
activesupport (5.0.0.1) lib/active_support/tagged_logging.rb:70:in `block in tagged'
activesupport (5.0.0.1) lib/active_support/tagged_logging.rb:26:in `tagged'
activesupport (5.0.0.1) lib/active_support/tagged_logging.rb:70:in `tagged'
railties (5.0.0.1) lib/rails/rack/logger.rb:24:in `call'
actionpack (5.0.0.1) lib/action_dispatch/middleware/request_id.rb:24:in `call'
rack (2.0.1) lib/rack/runtime.rb:22:in `call'
activesupport (5.0.0.1) lib/active_support/cache/strategy/local_cache_middleware.rb:28:in `call'
actionpack (5.0.0.1) lib/action_dispatch/middleware/executor.rb:12:in `call'
actionpack (5.0.0.1) lib/action_dispatch/middleware/static.rb:136:in `call'
rack (2.0.1) lib/rack/sendfile.rb:111:in `call'
rack-cors (0.4.0) lib/rack/cors.rb:80:in `call'
railties (5.0.0.1) lib/rails/engine.rb:522:in `call'
puma (3.6.0) lib/puma/configuration.rb:225:in `call'
puma (3.6.0) lib/puma/server.rb:578:in `handle_request'
puma (3.6.0) lib/puma/server.rb:415:in `process_client'
puma (3.6.0) lib/puma/server.rb:275:in `block in run'
puma (3.6.0) lib/puma/thread_pool.rb:116:in `block in spawn_thread'
Started GET "/api/v1/travellers" for ::1 at 2016-09-16 13:35:12 -0400
Processing by Api::V1::TravellersController#index as HTML
  [1m[36mTraveller Load (14.4ms)[0m  [1m[34mSELECT "travellers".* FROM "travellers"[0m
Completed 200 OK in 88ms (Views: 24.5ms | ActiveRecord: 16.6ms)


Started GET "/api/v1/travellers/1" for ::1 at 2016-09-16 13:35:37 -0400
Processing by Api::V1::TravellersController#show as HTML
  Parameters: {"id"=>"1"}
  [1m[36mTraveller Load (0.5ms)[0m  [1m[34mSELECT  "travellers".* FROM "travellers" WHERE "travellers"."id" = ? LIMIT ?[0m  [["id", 1], ["LIMIT", 1]]
Completed 200 OK in 79ms (Views: 1.8ms | ActiveRecord: 0.5ms)


Started GET "/api/v1/travellers/1" for ::1 at 2016-09-16 13:36:53 -0400
Processing by Api::V1::TravellersController#show as HTML
  Parameters: {"id"=>"1"}
  [1m[36mTraveller Load (14.2ms)[0m  [1m[34mSELECT  "travellers".* FROM "travellers" WHERE "travellers"."id" = ? LIMIT ?[0m  [["id", 1], ["LIMIT", 1]]
Completed 200 OK in 58ms (Views: 1.7ms | ActiveRecord: 16.8ms)


Started GET "/api/v1/travellers/" for ::1 at 2016-09-16 13:37:03 -0400
Processing by Api::V1::TravellersController#index as HTML
  [1m[36mTraveller Load (0.6ms)[0m  [1m[34mSELECT "travellers".* FROM "travellers"[0m
Completed 200 OK in 6ms (Views: 5.1ms | ActiveRecord: 0.6ms)


  [1m[35m (0.7ms)[0m  [1m[36mbegin transaction[0m
  [1m[35mSQL (12.4ms)[0m  [1m[32mINSERT INTO "travellers" ("name", "origin", "created_at", "updated_at") VALUES (?, ?, ?, ?)[0m  [["name", "KK"], ["origin", "ny"], ["created_at", 2016-09-16 17:38:29 UTC], ["updated_at", 2016-09-16 17:38:29 UTC]]
  [1m[35m (15.1ms)[0m  [1m[36mcommit transaction[0m
  [1m[36mCity Load (9.9ms)[0m  [1m[34mSELECT "cities".* FROM "cities" INNER JOIN "trips" ON "cities"."id" = "trips"."city_id" WHERE "trips"."traveller_id" = ?[0m  [["traveller_id", 5]]
  [1m[35m (0.5ms)[0m  [1m[36mbegin transaction[0m
  [1m[35mSQL (16.2ms)[0m  [1m[32mINSERT INTO "cities" ("name", "featured_attraction", "created_at", "updated_at") VALUES (?, ?, ?, ?)[0m  [["name", "miami"], ["featured_attraction", "beach"], ["created_at", 2016-09-16 17:39:22 UTC], ["updated_at", 2016-09-16 17:39:22 UTC]]
  [1m[35mSQL (1.3ms)[0m  [1m[32mINSERT INTO "trips" ("traveller_id", "city_id", "created_at", "updated_at") VALUES (?, ?, ?, ?)[0m  [["traveller_id", 5], ["city_id", 2], ["created_at", 2016-09-16 17:39:22 UTC], ["updated_at", 2016-09-16 17:39:22 UTC]]
  [1m[35m (3.1ms)[0m  [1m[36mcommit transaction[0m
  [1m[36mCity Load (0.5ms)[0m  [1m[34mSELECT "cities".* FROM "cities"[0m
Started GET "/api/v1/travellers/" for ::1 at 2016-09-16 13:41:14 -0400
Processing by Api::V1::TravellersController#index as HTML
  [1m[36mTraveller Load (1.6ms)[0m  [1m[34mSELECT "travellers".* FROM "travellers"[0m
  [1m[36mTraveller Load (0.8ms)[0m  [1m[34mSELECT  "travellers".* FROM "travellers" ORDER BY "travellers"."id" ASC LIMIT ?[0m  [["LIMIT", 1]]
  [1m[36mTraveller Load (0.3ms)[0m  [1m[34mSELECT  "travellers".* FROM "travellers" ORDER BY "travellers"."id" ASC LIMIT ?[0m  [["LIMIT", 1]]
  [1m[36mCity Load (0.7ms)[0m  [1m[34mSELECT "cities".* FROM "cities" INNER JOIN "trips" ON "cities"."id" = "trips"."city_id" WHERE "trips"."traveller_id" = ?[0m  [["traveller_id", 1]]
  [1m[36mTraveller Load (0.4ms)[0m  [1m[34mSELECT "travellers".* FROM "travellers"[0m
Completed 200 OK in 50572ms (Views: 7.2ms | ActiveRecord: 8.4ms)


Started GET "/api/v1/travellers/" for ::1 at 2016-09-16 13:42:12 -0400
Processing by Api::V1::TravellersController#index as HTML
  [1m[36mTraveller Load (0.5ms)[0m  [1m[34mSELECT "travellers".* FROM "travellers"[0m
Completed 200 OK in 16947ms (Views: 6.2ms | ActiveRecord: 0.5ms)


Started GET "/api/v1/travellers/" for ::1 at 2016-09-16 13:50:21 -0400
  [1m[36mActiveRecord::SchemaMigration Load (15.1ms)[0m  [1m[34mSELECT "schema_migrations".* FROM "schema_migrations"[0m
Processing by Api::V1::TravellersController#index as HTML
  [1m[36mTraveller Load (0.5ms)[0m  [1m[34mSELECT "travellers".* FROM "travellers"[0m
Completed 200 OK in 74ms (Views: 26.4ms | ActiveRecord: 3.1ms)


Started GET "/tweets" for ::1 at 2016-09-16 13:51:03 -0400
  
ActionController::RoutingError (No route matches [GET] "/tweets"):
  
actionpack (5.0.0.1) lib/action_dispatch/middleware/debug_exceptions.rb:53:in `call'
actionpack (5.0.0.1) lib/action_dispatch/middleware/show_exceptions.rb:31:in `call'
railties (5.0.0.1) lib/rails/rack/logger.rb:36:in `call_app'
railties (5.0.0.1) lib/rails/rack/logger.rb:24:in `block in call'
activesupport (5.0.0.1) lib/active_support/tagged_logging.rb:70:in `block in tagged'
activesupport (5.0.0.1) lib/active_support/tagged_logging.rb:26:in `tagged'
activesupport (5.0.0.1) lib/active_support/tagged_logging.rb:70:in `tagged'
railties (5.0.0.1) lib/rails/rack/logger.rb:24:in `call'
actionpack (5.0.0.1) lib/action_dispatch/middleware/request_id.rb:24:in `call'
rack (2.0.1) lib/rack/runtime.rb:22:in `call'
activesupport (5.0.0.1) lib/active_support/cache/strategy/local_cache_middleware.rb:28:in `call'
actionpack (5.0.0.1) lib/action_dispatch/middleware/executor.rb:12:in `call'
actionpack (5.0.0.1) lib/action_dispatch/middleware/static.rb:136:in `call'
rack (2.0.1) lib/rack/sendfile.rb:111:in `call'
rack-cors (0.4.0) lib/rack/cors.rb:80:in `call'
railties (5.0.0.1) lib/rails/engine.rb:522:in `call'
puma (3.6.0) lib/puma/configuration.rb:225:in `call'
puma (3.6.0) lib/puma/server.rb:578:in `handle_request'
puma (3.6.0) lib/puma/server.rb:415:in `process_client'
puma (3.6.0) lib/puma/server.rb:275:in `block in run'
puma (3.6.0) lib/puma/thread_pool.rb:116:in `block in spawn_thread'
Started GET "/api/v1/travellers" for ::1 at 2016-09-16 13:51:16 -0400
Processing by Api::V1::TravellersController#index as HTML
  [1m[36mTraveller Load (0.7ms)[0m  [1m[34mSELECT "travellers".* FROM "travellers"[0m
Completed 200 OK in 8ms (Views: 6.4ms | ActiveRecord: 0.7ms)


Started GET "/api/v1/travellers" for ::1 at 2016-09-16 13:51:42 -0400
Processing by Api::V1::TravellersController#index as HTML
  [1m[36mTraveller Load (1.1ms)[0m  [1m[34mSELECT "travellers".* FROM "travellers"[0m
Completed 200 OK in 55ms (Views: 30.8ms | ActiveRecord: 3.3ms)


Started GET "/api/v1/travellers" for ::1 at 2016-09-16 13:53:35 -0400
  [1m[36mActiveRecord::SchemaMigration Load (15.3ms)[0m  [1m[34mSELECT "schema_migrations".* FROM "schema_migrations"[0m
Processing by Api::V1::TravellersController#index as HTML
  [1m[36mTraveller Load (0.5ms)[0m  [1m[34mSELECT "travellers".* FROM "travellers"[0m
Completed 200 OK in 73ms (Views: 25.7ms | ActiveRecord: 2.5ms)


Started GET "/api/v1/travellers" for ::1 at 2016-09-16 13:56:53 -0400
  [1m[36mActiveRecord::SchemaMigration Load (15.5ms)[0m  [1m[34mSELECT "schema_migrations".* FROM "schema_migrations"[0m
Processing by Api::V1::TravellersController#index as HTML
  [1m[36mTraveller Load (0.6ms)[0m  [1m[34mSELECT "travellers".* FROM "travellers"[0m
Completed 200 OK in 73ms (Views: 27.8ms | ActiveRecord: 2.4ms)


Started GET "/api/v1/travellers" for ::1 at 2016-09-16 14:02:18 -0400
  [1m[36mActiveRecord::SchemaMigration Load (15.5ms)[0m  [1m[34mSELECT "schema_migrations".* FROM "schema_migrations"[0m
Processing by Api::V1::TravellersController#index as HTML
  [1m[36mTraveller Load (0.5ms)[0m  [1m[34mSELECT "travellers".* FROM "travellers"[0m
[active_model_serializers]   [1m[36mCity Load (0.7ms)[0m  [1m[34mSELECT "cities".* FROM "cities" INNER JOIN "trips" ON "cities"."id" = "trips"."city_id" WHERE "trips"."traveller_id" = ?[0m  [["traveller_id", 1]]
[active_model_serializers]   [1m[36mCity Load (0.3ms)[0m  [1m[34mSELECT "cities".* FROM "cities" INNER JOIN "trips" ON "cities"."id" = "trips"."city_id" WHERE "trips"."traveller_id" = ?[0m  [["traveller_id", 2]]
[active_model_serializers]   [1m[36mCity Load (0.2ms)[0m  [1m[34mSELECT "cities".* FROM "cities" INNER JOIN "trips" ON "cities"."id" = "trips"."city_id" WHERE "trips"."traveller_id" = ?[0m  [["traveller_id", 3]]
[active_model_serializers]   [1m[36mCity Load (0.3ms)[0m  [1m[34mSELECT "cities".* FROM "cities" INNER JOIN "trips" ON "cities"."id" = "trips"."city_id" WHERE "trips"."traveller_id" = ?[0m  [["traveller_id", 4]]
[active_model_serializers]   [1m[36mCity Load (0.2ms)[0m  [1m[34mSELECT "cities".* FROM "cities" INNER JOIN "trips" ON "cities"."id" = "trips"."city_id" WHERE "trips"."traveller_id" = ?[0m  [["traveller_id", 5]]
[active_model_serializers] Rendered ActiveModel::Serializer::CollectionSerializer with ActiveModelSerializers::Adapter::Attributes (269.86ms)
Completed 200 OK in 381ms (Views: 329.9ms | ActiveRecord: 6.2ms)


Started GET "/" for ::1 at 2016-09-16 14:06:05 -0400
Processing by Rails::WelcomeController#index as HTML
  Parameters: {"internal"=>true}
  Rendering /Users/davidlahti/.rvm/gems/ruby-2.3.0/gems/railties-5.0.0.1/lib/rails/templates/rails/welcome/index.html.erb
  Rendered /Users/davidlahti/.rvm/gems/ruby-2.3.0/gems/railties-5.0.0.1/lib/rails/templates/rails/welcome/index.html.erb (16.1ms)
Completed 200 OK in 148ms (Views: 103.6ms | ActiveRecord: 0.0ms)


